[0mGET / [36m304[0m 48.393 ms - -[0m
[0mGET /css/chat_box.css [33m404[0m 15.804 ms - 155[0m
[0mGET /css/chat_box.css [33m404[0m 5.017 ms - 155[0m
[0mGET /favicon.ico [33m404[0m 3.625 ms - 150[0m
[0mGET /users/sign-in [36m304[0m 9.253 ms - -[0m
[0mGET /users/auth/google [36m302[0m 5.837 ms - 0[0m
[0mGET /users/auth/google/callback?code=4%2F0Adeu5BVLdT-NGkrUZviWcDQq0JWOVco-rwpLqiKdGJ-WVJuvmILUk39wmCErZgD7PrXHCg&scope=email+profile+https%3A%2F%2Fwww.googleapis.com%2Fauth%2Fuserinfo.profile+https%3A%2F%2Fwww.googleapis.com%2Fauth%2Fuserinfo.email+openid&authuser=0&prompt=none [36m302[0m 505.546 ms - 46[0m
[0mGET / [32m200[0m 27.644 ms - 7710[0m
[0mGET /css/chat_box.css [33m404[0m 15.649 ms - 155[0m
[0mGET /users/profile/64e65e20baac478a6c4901a1 [32m200[0m 20.325 ms - 8289[0m
[0mGET /css/chat_box.css [33m404[0m 5.046 ms - 155[0m
[0mGET /css/chat_box.css [33m404[0m 4.114 ms - 155[0m
[0mGET / [32m200[0m 56.564 ms - 5852[0m
[0mGET /css/chat_box.css [33m404[0m 14.977 ms - 155[0m
[0mGET /css/chat_box.css [33m404[0m 6.117 ms - 155[0m
[0mGET /favicon.ico [33m404[0m 3.838 ms - 150[0m
[0mGET / [36m304[0m 16.483 ms - -[0m
[0mGET /css/chat_box.css [33m404[0m 9.717 ms - 155[0m
[0mGET /users/sign-in [36m304[0m 19.583 ms - -[0m
[0mGET /users/auth/google [36m302[0m 13.773 ms - 0[0m
[0mGET /users/auth/google/callback?code=4%2F0Adeu5BXihdRbrbnry6AFB7oWvXeT7ljIgXkVsjhVKCEpw_gxXG-sXGVl3rtQhGOeKU_tSg&scope=email+profile+https%3A%2F%2Fwww.googleapis.com%2Fauth%2Fuserinfo.profile+https%3A%2F%2Fwww.googleapis.com%2Fauth%2Fuserinfo.email+openid&authuser=0&prompt=none [36m302[0m 642.705 ms - 46[0m
[0mGET / [32m200[0m 59.135 ms - 7710[0m
[0mGET /css/chat_box.css [33m404[0m 26.639 ms - 155[0m
[0mPOST /posts/create [32m200[0m 72.740 ms - 172[0m
[0mGET /likes/toggle/?id=64e7b29d2c0d500a4e024a4b&type=Post [32m200[0m 33.963 ms - 58[0m
[0mPOST /comments/create [32m200[0m 56.265 ms - 167[0m
